[0616/162930.376:ERROR:process_memory_win.cc(73)] ReadMemory at 0x7ff681010000 of 64 bytes failed: 仅完成部分的 ReadProcessMemory 或 WriteProcessMemory 请求。 (0x12B)
[0616/162930.376:WARNING:pe_image_reader.cc(340)] could not read dos header from C:\Program Files (x86)\Google\Chrome\Application\chrome.exe
[0616/162930.376:ERROR:process_memory_win.cc(73)] ReadMemory at 0x7ffdab740000 of 64 bytes failed: 仅完成部分的 ReadProcessMemory 或 WriteProcessMemory 请求。 (0x12B)
[0616/162930.376:WARNING:pe_image_reader.cc(340)] could not read dos header from C:\WINDOWS\SYSTEM32\ntdll.dll
[0616/162930.376:ERROR:process_memory_win.cc(73)] ReadMemory at 0x7ffda9960000 of 64 bytes failed: 仅完成部分的 ReadProcessMemory 或 WriteProcessMemory 请求。 (0x12B)
[0616/162930.404:WARNING:pe_image_reader.cc(340)] could not read dos header from C:\WINDOWS\System32\KERNEL32.DLL
[0616/162930.404:ERROR:process_memory_win.cc(73)] ReadMemory at 0x7ffda8d50000 of 64 bytes failed: 仅完成部分的 ReadProcessMemory 或 WriteProcessMemory 请求。 (0x12B)
[0616/162930.404:WARNING:pe_image_reader.cc(340)] could not read dos header from C:\WINDOWS\System32\KERNELBASE.dll
[0616/162930.404:ERROR:process_memory_win.cc(73)] ReadMemory at 0x7ffda5bd0000 of 64 bytes failed: 仅完成部分的 ReadProcessMemory 或 WriteProcessMemory 请求。 (0x12B)
[0616/162930.404:WARNING:pe_image_reader.cc(340)] could not read dos header from C:\WINDOWS\SYSTEM32\apphelp.dll
[0616/162930.404:ERROR:process_memory_win.cc(73)] ReadMemory at 0x7ffda9ed0000 of 64 bytes failed: 仅完成部分的 ReadProcessMemory 或 WriteProcessMemory 请求。 (0x12B)
[0616/162930.404:WARNING:pe_image_reader.cc(340)] could not read dos header from C:\WINDOWS\System32\SHELL32.dll
[0616/162930.404:ERROR:process_memory_win.cc(73)] ReadMemory at 0x7ffda8950000 of 64 bytes failed: 仅完成部分的 ReadProcessMemory 或 WriteProcessMemory 请求。 (0x12B)
[0616/162930.404:WARNING:pe_image_reader.cc(340)] could not read dos header from C:\WINDOWS\System32\ucrtbase.dll
[0616/162930.404:ERROR:process_memory_win.cc(73)] ReadMemory at 0x7ffda8a50000 of 64 bytes failed: 仅完成部分的 ReadProcessMemory 或 WriteProcessMemory 请求。 (0x12B)
[0616/162930.404:WARNING:pe_image_reader.cc(340)] could not read dos header from C:\WINDOWS\System32\cfgmgr32.dll
[0616/162930.404:ERROR:process_memory_win.cc(73)] ReadMemory at 0x7ffda9c10000 of 64 bytes failed: 仅完成部分的 ReadProcessMemory 或 WriteProcessMemory 请求。 (0x12B)
[0616/162930.404:WARNING:pe_image_reader.cc(340)] could not read dos header from C:\WINDOWS\System32\shcore.dll
[0616/162930.404:ERROR:process_memory_win.cc(73)] ReadMemory at 0x7ffdab080000 of 64 bytes failed: 仅完成部分的 ReadProcessMemory 或 WriteProcessMemory 请求。 (0x12B)
[0616/162930.404:WARNING:pe_image_reader.cc(340)] could not read dos header from C:\WINDOWS\System32\msvcrt.dll
[0616/162930.404:ERROR:process_memory_win.cc(73)] ReadMemory at 0x7ffdab120000 of 64 bytes failed: 仅完成部分的 ReadProcessMemory 或 WriteProcessMemory 请求。 (0x12B)
[0616/162930.404:WARNING:pe_image_reader.cc(340)] could not read dos header from C:\WINDOWS\System32\RPCRT4.dll
[0616/162930.404:ERROR:process_memory_win.cc(73)] ReadMemory at 0x7ffdab2c0000 of 64 bytes failed: 仅完成部分的 ReadProcessMemory 或 WriteProcessMemory 请求。 (0x12B)
[0616/162930.404:WARNING:pe_image_reader.cc(340)] could not read dos header from C:\WINDOWS\System32\combase.dll
[0616/162930.404:ERROR:process_memory_win.cc(73)] ReadMemory at 0x7ffda86d0000 of 64 bytes failed: 仅完成部分的 ReadProcessMemory 或 WriteProcessMemory 请求。 (0x12B)
[0616/162930.404:WARNING:pe_image_reader.cc(340)] could not read dos header from C:\WINDOWS\System32\bcryptPrimitives.dll
[0616/162930.404:ERROR:process_memory_win.cc(73)] ReadMemory at 0x7ffda9020000 of 64 bytes failed: 仅完成部分的 ReadProcessMemory 或 WriteProcessMemory 请求。 (0x12B)
[0616/162930.404:WARNING:pe_image_reader.cc(340)] could not read dos header from C:\WINDOWS\System32\windows.storage.dll
[0616/162930.404:ERROR:process_memory_win.cc(73)] ReadMemory at 0x7ffda8760000 of 64 bytes failed: 仅完成部分的 ReadProcessMemory 或 WriteProcessMemory 请求。 (0x12B)
[0616/162930.404:WARNING:pe_image_reader.cc(340)] could not read dos header from C:\WINDOWS\System32\msvcp_win.dll
[0616/162930.404:ERROR:process_memory_win.cc(73)] ReadMemory at 0x7ffdaab70000 of 64 bytes failed: 仅完成部分的 ReadProcessMemory 或 WriteProcessMemory 请求。 (0x12B)
[0616/162930.404:WARNING:pe_image_reader.cc(340)] could not read dos header from C:\WINDOWS\System32\sechost.dll
[0616/162930.404:ERROR:process_memory_win.cc(73)] ReadMemory at 0x7ffda9800000 of 64 bytes failed: 仅完成部分的 ReadProcessMemory 或 WriteProcessMemory 请求。 (0x12B)
[0616/162930.404:WARNING:pe_image_reader.cc(340)] could not read dos header from C:\WINDOWS\System32\advapi32.dll
[0616/162930.404:ERROR:process_memory_win.cc(73)] ReadMemory at 0x7ffda8670000 of 64 bytes failed: 仅完成部分的 ReadProcessMemory 或 WriteProcessMemory 请求。 (0x12B)
[0616/162930.404:WARNING:pe_image_reader.cc(340)] could not read dos header from C:\WINDOWS\System32\profapi.dll
[0616/162930.404:ERROR:process_memory_win.cc(73)] ReadMemory at 0x7ffda8620000 of 64 bytes failed: 仅完成部分的 ReadProcessMemory 或 WriteProcessMemory 请求。 (0x12B)
[0616/162930.404:WARNING:pe_image_reader.cc(340)] could not read dos header from C:\WINDOWS\System32\powrprof.dll
[0616/162930.404:ERROR:process_memory_win.cc(73)] ReadMemory at 0x7ffda8610000 of 64 bytes failed: 仅完成部分的 ReadProcessMemory 或 WriteProcessMemory 请求。 (0x12B)
[0616/162930.404:WARNING:pe_image_reader.cc(340)] could not read dos header from C:\WINDOWS\System32\UMPDC.dll
[0616/162930.404:ERROR:process_memory_win.cc(73)] ReadMemory at 0x7ffdaa5b0000 of 64 bytes failed: 仅完成部分的 ReadProcessMemory 或 WriteProcessMemory 请求。 (0x12B)
[0616/162930.404:WARNING:pe_image_reader.cc(340)] could not read dos header from C:\WINDOWS\System32\shlwapi.dll
[0616/162930.404:ERROR:process_memory_win.cc(73)] ReadMemory at 0x7ffdab6d0000 of 64 bytes failed: 仅完成部分的 ReadProcessMemory 或 WriteProcessMemory 请求。 (0x12B)
[0616/162930.404:WARNING:pe_image_reader.cc(340)] could not read dos header from C:\WINDOWS\System32\GDI32.dll
[0616/162930.404:ERROR:process_memory_win.cc(73)] ReadMemory at 0x7ffda97a0000 of 64 bytes failed: 仅完成部分的 ReadProcessMemory 或 WriteProcessMemory 请求。 (0x12B)
[0616/162930.404:WARNING:pe_image_reader.cc(340)] could not read dos header from C:\WINDOWS\System32\win32u.dll
[0616/162930.404:ERROR:process_memory_win.cc(73)] ReadMemory at 0x7ffda8bb0000 of 64 bytes failed: 仅完成部分的 ReadProcessMemory 或 WriteProcessMemory 请求。 (0x12B)
[0616/162930.404:WARNING:pe_image_reader.cc(340)] could not read dos header from C:\WINDOWS\System32\gdi32full.dll
[0616/162930.404:ERROR:process_memory_win.cc(73)] ReadMemory at 0x29235440000 of 64 bytes failed: 仅完成部分的 ReadProcessMemory 或 WriteProcessMemory 请求。 (0x12B)
[0616/162930.404:WARNING:pe_image_reader.cc(340)] could not read dos header from C:\WINDOWS\System32\USER32.dll
[0616/162930.404:ERROR:process_memory_win.cc(73)] ReadMemory at 0x7ffda8690000 of 64 bytes failed: 仅完成部分的 ReadProcessMemory 或 WriteProcessMemory 请求。 (0x12B)
[0616/162930.404:WARNING:pe_image_reader.cc(340)] could not read dos header from C:\WINDOWS\System32\kernel.appcore.dll
[0616/162930.404:ERROR:process_memory_win.cc(73)] ReadMemory at 0x7ffda9000000 of 64 bytes failed: 仅完成部分的 ReadProcessMemory 或 WriteProcessMemory 请求。 (0x12B)
[0616/162930.404:WARNING:pe_image_reader.cc(340)] could not read dos header from C:\WINDOWS\System32\cryptsp.dll
[0616/162930.404:ERROR:process_memory_win.cc(73)] ReadMemory at 0x7ffd5c7a0000 of 64 bytes failed: 仅完成部分的 ReadProcessMemory 或 WriteProcessMemory 请求。 (0x12B)
[0616/162930.404:WARNING:pe_image_reader.cc(340)] could not read dos header from C:\Program Files (x86)\Google\Chrome\Application\74.0.3729.169\chrome_elf.dll
[0616/162930.404:ERROR:process_memory_win.cc(73)] ReadMemory at 0x7ffda1ed0000 of 64 bytes failed: 仅完成部分的 ReadProcessMemory 或 WriteProcessMemory 请求。 (0x12B)
[0616/162930.404:WARNING:pe_image_reader.cc(340)] could not read dos header from C:\WINDOWS\SYSTEM32\VERSION.dll
[0616/162930.404:ERROR:process_memory_win.cc(73)] ReadMemory at 0x7ffda0d90000 of 64 bytes failed: 仅完成部分的 ReadProcessMemory 或 WriteProcessMemory 请求。 (0x12B)
[0616/162930.404:WARNING:pe_image_reader.cc(340)] could not read dos header from C:\WINDOWS\SYSTEM32\WINMM.dll
[0616/162930.404:ERROR:process_memory_win.cc(73)] ReadMemory at 0x7ffda8530000 of 64 bytes failed: 仅完成部分的 ReadProcessMemory 或 WriteProcessMemory 请求。 (0x12B)
[0616/162930.404:WARNING:pe_image_reader.cc(340)] could not read dos header from C:\WINDOWS\SYSTEM32\USERENV.dll
[0616/162930.404:ERROR:process_memory_win.cc(73)] ReadMemory at 0x7ffda0d40000 of 64 bytes failed: 仅完成部分的 ReadProcessMemory 或 WriteProcessMemory 请求。 (0x12B)
[0616/162930.404:WARNING:pe_image_reader.cc(340)] could not read dos header from C:\WINDOWS\SYSTEM32\WINMMBASE.dll
[0616/162930.404:ERROR:process_memory_win.cc(73)] ReadMemory at 0x7ffda8050000 of 64 bytes failed: 仅完成部分的 ReadProcessMemory 或 WriteProcessMemory 请求。 (0x12B)
[0616/162930.404:WARNING:pe_image_reader.cc(340)] could not read dos header from C:\WINDOWS\SYSTEM32\CRYPTBASE.DLL
[0616/162930.404:ERROR:process_memory_win.cc(73)] ReadMemory at 0x7ffda9bd0000 of 64 bytes failed: 仅完成部分的 ReadProcessMemory 或 WriteProcessMemory 请求。 (0x12B)
[0616/162930.404:WARNING:pe_image_reader.cc(340)] could not read dos header from C:\WINDOWS\System32\IMM32.DLL
[0616/162930.404:ERROR:process_memory_win.cc(73)] ReadMemory at 0x7ffd2c2d0000 of 64 bytes failed: 仅完成部分的 ReadProcessMemory 或 WriteProcessMemory 请求。 (0x12B)
[0616/162930.404:WARNING:pe_image_reader.cc(340)] could not read dos header from C:\Program Files (x86)\Google\Chrome\Application\74.0.3729.169\chrome_child.dll
[0616/162930.404:ERROR:process_memory_win.cc(73)] ReadMemory at 0x7ffdaaa80000 of 64 bytes failed: 仅完成部分的 ReadProcessMemory 或 WriteProcessMemory 请求。 (0x12B)
[0616/162930.404:WARNING:pe_image_reader.cc(340)] could not read dos header from C:\WINDOWS\System32\WS2_32.dll
[0616/162930.408:ERROR:process_memory_win.cc(73)] ReadMemory at 0x7ffdaa770000 of 64 bytes failed: 仅完成部分的 ReadProcessMemory 或 WriteProcessMemory 请求。 (0x12B)
[0616/162930.408:WARNING:pe_image_reader.cc(340)] could not read dos header from C:\WINDOWS\System32\ole32.dll
[0616/162930.408:ERROR:process_memory_win.cc(73)] ReadMemory at 0x7ffdab600000 of 64 bytes failed: 仅完成部分的 ReadProcessMemory 或 WriteProcessMemory 请求。 (0x12B)
[0616/162930.408:WARNING:pe_image_reader.cc(340)] could not read dos header from C:\WINDOWS\System32\OLEAUT32.dll
[0616/162930.408:ERROR:process_memory_win.cc(73)] ReadMemory at 0x7ffda8b50000 of 64 bytes failed: 仅完成部分的 ReadProcessMemory 或 WriteProcessMemory 请求。 (0x12B)
[0616/162930.408:WARNING:pe_image_reader.cc(340)] could not read dos header from C:\WINDOWS\System32\WINTRUST.dll
[0616/162930.408:ERROR:process_memory_win.cc(73)] ReadMemory at 0x7ffda86b0000 of 64 bytes failed: 仅完成部分的 ReadProcessMemory 或 WriteProcessMemory 请求。 (0x12B)
[0616/162930.408:WARNING:pe_image_reader.cc(340)] could not read dos header from C:\WINDOWS\System32\MSASN1.dll
[0616/162930.408:ERROR:process_memory_win.cc(73)] ReadMemory at 0x7ffda8800000 of 64 bytes failed: 仅完成部分的 ReadProcessMemory 或 WriteProcessMemory 请求。 (0x12B)
[0616/162930.408:WARNING:pe_image_reader.cc(340)] could not read dos header from C:\WINDOWS\System32\CRYPT32.dll
[0616/162930.408:ERROR:process_memory_win.cc(73)] ReadMemory at 0x7ffdaa670000 of 64 bytes failed: 仅完成部分的 ReadProcessMemory 或 WriteProcessMemory 请求。 (0x12B)
[0616/162930.408:WARNING:pe_image_reader.cc(340)] could not read dos header from C:\WINDOWS\System32\COMDLG32.dll
[0616/162930.408:ERROR:process_memory_win.cc(73)] ReadMemory at 0x7ffda7be0000 of 64 bytes failed: 仅完成部分的 ReadProcessMemory 或 WriteProcessMemory 请求。 (0x12B)
[0616/162930.408:WARNING:pe_image_reader.cc(340)] could not read dos header from C:\WINDOWS\SYSTEM32\IPHLPAPI.DLL
[0616/162930.408:ERROR:process_memory_win.cc(73)] ReadMemory at 0x7ffd8ec10000 of 64 bytes failed: 仅完成部分的 ReadProcessMemory 或 WriteProcessMemory 请求。 (0x12B)
[0616/162930.408:WARNING:pe_image_reader.cc(340)] could not read dos header from C:\WINDOWS\SYSTEM32\OLEACC.dll
[0616/162930.408:ERROR:process_memory_win.cc(73)] ReadMemory at 0x7ffd7faf0000 of 64 bytes failed: 仅完成部分的 ReadProcessMemory 或 WriteProcessMemory 请求。 (0x12B)
[0616/162930.408:WARNING:pe_image_reader.cc(340)] could not read dos header from C:\WINDOWS\SYSTEM32\UIAutomationCore.DLL
[0616/162930.408:ERROR:process_memory_win.cc(73)] ReadMemory at 0x7ffda7130000 of 64 bytes failed: 仅完成部分的 ReadProcessMemory 或 WriteProcessMemory 请求。 (0x12B)
[0616/162930.408:WARNING:pe_image_reader.cc(340)] could not read dos header from C:\WINDOWS\SYSTEM32\WTSAPI32.dll
[0616/162930.408:ERROR:process_memory_win.cc(73)] ReadMemory at 0x7ffd8ba90000 of 64 bytes failed: 仅完成部分的 ReadProcessMemory 或 WriteProcessMemory 请求。 (0x12B)
[0616/162930.408:WARNING:pe_image_reader.cc(340)] could not read dos header from C:\WINDOWS\SYSTEM32\DWrite.dll
[0616/162930.408:ERROR:process_memory_win.cc(73)] ReadMemory at 0x7ffda7430000 of 64 bytes failed: 仅完成部分的 ReadProcessMemory 或 WriteProcessMemory 请求。 (0x12B)
[0616/162930.408:WARNING:pe_image_reader.cc(340)] could not read dos header from C:\WINDOWS\SYSTEM32\dxgi.dll
[0616/162930.408:ERROR:process_memory_win.cc(73)] ReadMemory at 0x7ffd92e80000 of 64 bytes failed: 仅完成部分的 ReadProcessMemory 或 WriteProcessMemory 请求。 (0x12B)
[0616/162930.408:WARNING:pe_image_reader.cc(340)] could not read dos header from C:\WINDOWS\SYSTEM32\WINSPOOL.DRV
[0616/162930.408:ERROR:process_memory_win.cc(73)] ReadMemory at 0x7ffda97d0000 of 64 bytes failed: 仅完成部分的 ReadProcessMemory 或 WriteProcessMemory 请求。 (0x12B)
[0616/162930.408:WARNING:pe_image_reader.cc(340)] could not read dos header from C:\WINDOWS\System32\bcrypt.dll
[0616/162930.408:ERROR:process_memory_win.cc(73)] ReadMemory at 0x7ffda6f30000 of 64 bytes failed: 仅完成部分的 ReadProcessMemory 或 WriteProcessMemory 请求。 (0x12B)
[0616/162930.408:WARNING:pe_image_reader.cc(340)] could not read dos header from C:\WINDOWS\SYSTEM32\dbghelp.dll
[0616/162930.408:ERROR:process_memory_win.cc(73)] ReadMemory at 0x7ffd933b0000 of 64 bytes failed: 仅完成部分的 ReadProcessMemory 或 WriteProcessMemory 请求。 (0x12B)
[0616/162930.408:WARNING:pe_image_reader.cc(340)] could not read dos header from C:\WINDOWS\WinSxS\amd64_microsoft.windows.common-controls_6595b64144ccf1df_6.0.18362.175_none_e6c3ab1f131014c9\COMCTL32.dll
[0616/162930.408:ERROR:process_memory_win.cc(73)] ReadMemory at 0x7ffda1a50000 of 64 bytes failed: 仅完成部分的 ReadProcessMemory 或 WriteProcessMemory 请求。 (0x12B)
[0616/162930.408:WARNING:pe_image_reader.cc(340)] could not read dos header from C:\WINDOWS\SYSTEM32\USP10.dll
[0616/162930.408:ERROR:process_memory_win.cc(73)] ReadMemory at 0x7ffda1960000 of 64 bytes failed: 仅完成部分的 ReadProcessMemory 或 WriteProcessMemory 请求。 (0x12B)
[0616/162930.408:WARNING:pe_image_reader.cc(340)] could not read dos header from C:\WINDOWS\SYSTEM32\WINHTTP.dll
[0616/162930.408:ERROR:process_memory_win.cc(73)] ReadMemory at 0x7ffd9a0c0000 of 64 bytes failed: 仅完成部分的 ReadProcessMemory 或 WriteProcessMemory 请求。 (0x12B)
[0616/162930.408:WARNING:pe_image_reader.cc(340)] could not read dos header from C:\WINDOWS\SYSTEM32\urlmon.dll
[0616/162930.408:ERROR:process_memory_win.cc(73)] ReadMemory at 0x7ffd8f4b0000 of 64 bytes failed: 仅完成部分的 ReadProcessMemory 或 WriteProcessMemory 请求。 (0x12B)
[0616/162930.408:WARNING:pe_image_reader.cc(340)] could not read dos header from C:\WINDOWS\SYSTEM32\Secur32.dll
[0616/162930.408:ERROR:process_memory_win.cc(73)] ReadMemory at 0x7ffda69b0000 of 64 bytes failed: 仅完成部分的 ReadProcessMemory 或 WriteProcessMemory 请求。 (0x12B)
[0616/162930.408:WARNING:pe_image_reader.cc(340)] could not read dos header from C:\WINDOWS\SYSTEM32\dhcpcsvc.DLL
[0616/162930.408:ERROR:process_memory_win.cc(73)] ReadMemory at 0x7ffda9bc0000 of 64 bytes failed: 仅完成部分的 ReadProcessMemory 或 WriteProcessMemory 请求。 (0x12B)
[0616/162930.408:WARNING:pe_image_reader.cc(340)] could not read dos header from C:\WINDOWS\System32\NSI.dll
[0616/162930.408:ERROR:process_memory_win.cc(73)] ReadMemory at 0x7ffda62b0000 of 64 bytes failed: 仅完成部分的 ReadProcessMemory 或 WriteProcessMemory 请求。 (0x12B)
[0616/162930.408:WARNING:pe_image_reader.cc(340)] could not read dos header from C:\WINDOWS\SYSTEM32\PROPSYS.dll
[0616/162930.408:ERROR:process_memory_win.cc(73)] ReadMemory at 0x7ffd99e10000 of 64 bytes failed: 仅完成部分的 ReadProcessMemory 或 WriteProcessMemory 请求。 (0x12B)
[0616/162930.408:WARNING:pe_image_reader.cc(340)] could not read dos header from C:\WINDOWS\SYSTEM32\iertutil.dll
[0616/162930.408:ERROR:process_memory_win.cc(73)] ReadMemory at 0x7ffda7340000 of 64 bytes failed: 仅完成部分的 ReadProcessMemory 或 WriteProcessMemory 请求。 (0x12B)
[0616/162930.408:WARNING:pe_image_reader.cc(340)] could not read dos header from C:\WINDOWS\SYSTEM32\dxcore.dll
[0616/162930.408:ERROR:process_memory_win.cc(73)] ReadMemory at 0x7ffda8500000 of 64 bytes failed: 仅完成部分的 ReadProcessMemory 或 WriteProcessMemory 请求。 (0x12B)
[0616/162930.408:WARNING:pe_image_reader.cc(340)] could not read dos header from C:\WINDOWS\SYSTEM32\SSPICLI.DLL
[0616/162930.424:ERROR:process_memory_win.cc(73)] ReadMemory at 0x96519f4000 of 49152 bytes failed: 仅完成部分的 ReadProcessMemory 或 WriteProcessMemory 请求。 (0x12B)
[0616/162930.428:ERROR:process_memory_win.cc(73)] ReadMemory at 0x9651bfd000 of 12288 bytes failed: 仅完成部分的 ReadProcessMemory 或 WriteProcessMemory 请求。 (0x12B)
[0616/162930.428:ERROR:process_memory_win.cc(73)] ReadMemory at 0x9651dfd000 of 12288 bytes failed: 仅完成部分的 ReadProcessMemory 或 WriteProcessMemory 请求。 (0x12B)
[0616/162930.428:ERROR:process_memory_win.cc(73)] ReadMemory at 0x9651ffe000 of 8192 bytes failed: 仅完成部分的 ReadProcessMemory 或 WriteProcessMemory 请求。 (0x12B)
[0616/162930.428:ERROR:process_memory_win.cc(73)] ReadMemory at 0x96521fb000 of 20480 bytes failed: 仅完成部分的 ReadProcessMemory 或 WriteProcessMemory 请求。 (0x12B)
[0616/162930.428:ERROR:process_memory_win.cc(73)] ReadMemory at 0x96523ff000 of 4096 bytes failed: 仅完成部分的 ReadProcessMemory 或 WriteProcessMemory 请求。 (0x12B)
[0616/162930.428:ERROR:process_memory_win.cc(73)] ReadMemory at 0x96525fd000 of 12288 bytes failed: 仅完成部分的 ReadProcessMemory 或 WriteProcessMemory 请求。 (0x12B)
[0616/162930.428:ERROR:process_memory_win.cc(73)] ReadMemory at 0x96527fc000 of 16384 bytes failed: 仅完成部分的 ReadProcessMemory 或 WriteProcessMemory 请求。 (0x12B)
[0616/162930.428:ERROR:process_memory_win.cc(73)] ReadMemory at 0x96529fd000 of 12288 bytes failed: 仅完成部分的 ReadProcessMemory 或 WriteProcessMemory 请求。 (0x12B)
[0616/162930.428:ERROR:process_memory_win.cc(73)] ReadMemory at 0x9652bfd000 of 12288 bytes failed: 仅完成部分的 ReadProcessMemory 或 WriteProcessMemory 请求。 (0x12B)
[0616/162930.428:ERROR:process_memory_win.cc(73)] ReadMemory at 0x9652dfd000 of 12288 bytes failed: 仅完成部分的 ReadProcessMemory 或 WriteProcessMemory 请求。 (0x12B)
[0616/162930.428:ERROR:process_memory_win.cc(73)] ReadMemory at 0x9652ffd000 of 12288 bytes failed: 仅完成部分的 ReadProcessMemory 或 WriteProcessMemory 请求。 (0x12B)
[0616/162930.432:ERROR:process_memory_win.cc(73)] ReadMemory at 0x96531fd000 of 12288 bytes failed: 仅完成部分的 ReadProcessMemory 或 WriteProcessMemory 请求。 (0x12B)
[0616/162930.432:ERROR:process_memory_win.cc(73)] ReadMemory at 0x96533fd000 of 12288 bytes failed: 仅完成部分的 ReadProcessMemory 或 WriteProcessMemory 请求。 (0x12B)
[0616/162930.432:ERROR:process_memory_win.cc(73)] ReadMemory at 0x96516ab000 of 852 bytes failed: 仅完成部分的 ReadProcessMemory 或 WriteProcessMemory 请求。 (0x12B)
[0616/162930.432:ERROR:process_memory_win.cc(73)] ReadMemory at 0x96516ac000 of 6024 bytes failed: 仅完成部分的 ReadProcessMemory 或 WriteProcessMemory 请求。 (0x12B)
[0616/162930.432:ERROR:process_memory_win.cc(73)] ReadMemory at 0x96516ae000 of 6024 bytes failed: 仅完成部分的 ReadProcessMemory 或 WriteProcessMemory 请求。 (0x12B)
[0616/162930.432:ERROR:process_memory_win.cc(73)] ReadMemory at 0x96516b0000 of 6024 bytes failed: 仅完成部分的 ReadProcessMemory 或 WriteProcessMemory 请求。 (0x12B)
[0616/162930.432:ERROR:process_memory_win.cc(73)] ReadMemory at 0x96516b2000 of 6024 bytes failed: 仅完成部分的 ReadProcessMemory 或 WriteProcessMemory 请求。 (0x12B)
[0616/162930.432:ERROR:process_memory_win.cc(73)] ReadMemory at 0x96516b4000 of 6024 bytes failed: 仅完成部分的 ReadProcessMemory 或 WriteProcessMemory 请求。 (0x12B)
[0616/162930.432:ERROR:process_memory_win.cc(73)] ReadMemory at 0x96516b6000 of 6024 bytes failed: 仅完成部分的 ReadProcessMemory 或 WriteProcessMemory 请求。 (0x12B)
[0616/162930.432:ERROR:process_memory_win.cc(73)] ReadMemory at 0x96516b8000 of 6024 bytes failed: 仅完成部分的 ReadProcessMemory 或 WriteProcessMemory 请求。 (0x12B)
[0616/162930.432:ERROR:process_memory_win.cc(73)] ReadMemory at 0x96516ba000 of 6024 bytes failed: 仅完成部分的 ReadProcessMemory 或 WriteProcessMemory 请求。 (0x12B)
[0616/162930.432:ERROR:process_memory_win.cc(73)] ReadMemory at 0x96516bc000 of 6024 bytes failed: 仅完成部分的 ReadProcessMemory 或 WriteProcessMemory 请求。 (0x12B)
[0616/162930.432:ERROR:process_memory_win.cc(73)] ReadMemory at 0x96516be000 of 6024 bytes failed: 仅完成部分的 ReadProcessMemory 或 WriteProcessMemory 请求。 (0x12B)
[0616/162930.432:ERROR:process_memory_win.cc(73)] ReadMemory at 0x96516c0000 of 6024 bytes failed: 仅完成部分的 ReadProcessMemory 或 WriteProcessMemory 请求。 (0x12B)
[0616/162930.432:ERROR:process_memory_win.cc(73)] ReadMemory at 0x96516c2000 of 6024 bytes failed: 仅完成部分的 ReadProcessMemory 或 WriteProcessMemory 请求。 (0x12B)
[0616/162930.432:ERROR:process_memory_win.cc(73)] ReadMemory at 0x96516c4000 of 6024 bytes failed: 仅完成部分的 ReadProcessMemory 或 WriteProcessMemory 请求。 (0x12B)
[0616/162930.432:ERROR:process_memory_win.cc(73)] ReadMemory at 0x96516c6000 of 6024 bytes failed: 仅完成部分的 ReadProcessMemory 或 WriteProcessMemory 请求。 (0x12B)
[0616/162930.432:ERROR:process_memory_win.cc(73)] ReadMemory at 0x29235162db4 of 512 bytes failed: 仅完成部分的 ReadProcessMemory 或 WriteProcessMemory 请求。 (0x12B)
[0616/162930.432:ERROR:process_memory_win.cc(73)] ReadMemory at 0x292351a07b0 of 60 bytes failed: 仅完成部分的 ReadProcessMemory 或 WriteProcessMemory 请求。 (0x12B)
[0616/162930.432:ERROR:process_memory_win.cc(73)] ReadMemory at 0x292351a0fe0 of 10586 bytes failed: 仅完成部分的 ReadProcessMemory 或 WriteProcessMemory 请求。 (0x12B)
[0616/162930.432:ERROR:process_memory_win.cc(73)] ReadMemory at 0x292351a3950 of 1012 bytes failed: 仅完成部分的 ReadProcessMemory 或 WriteProcessMemory 请求。 (0x12B)
[0616/162930.432:ERROR:process_memory_win.cc(73)] ReadMemory at 0x292351a3f98 of 118 bytes failed: 仅完成部分的 ReadProcessMemory 或 WriteProcessMemory 请求。 (0x12B)
[0616/162930.432:ERROR:process_memory_win.cc(73)] ReadMemory at 0x292351a4010 of 1002 bytes failed: 仅完成部分的 ReadProcessMemory 或 WriteProcessMemory 请求。 (0x12B)
[0616/162930.432:ERROR:process_memory_win.cc(73)] ReadMemory at 0x292351a43fc of 118 bytes failed: 仅完成部分的 ReadProcessMemory 或 WriteProcessMemory 请求。 (0x12B)
[0616/162930.432:ERROR:process_memory_win.cc(73)] ReadMemory at 0x292351a4474 of 96 bytes failed: 仅完成部分的 ReadProcessMemory 或 WriteProcessMemory 请求。 (0x12B)
[0616/162930.432:ERROR:process_memory_win.cc(73)] ReadMemory at 0x292351a44e0 of 58 bytes failed: 仅完成部分的 ReadProcessMemory 或 WriteProcessMemory 请求。 (0x12B)
[0616/162930.432:ERROR:process_memory_win.cc(73)] ReadMemory at 0x292351a45e0 of 132 bytes failed: 仅完成部分的 ReadProcessMemory 或 WriteProcessMemory 请求。 (0x12B)
[0616/162930.432:ERROR:process_memory_win.cc(73)] ReadMemory at 0x292351a4770 of 132 bytes failed: 仅完成部分的 ReadProcessMemory 或 WriteProcessMemory 请求。 (0x12B)
[0616/162930.432:ERROR:process_memory_win.cc(73)] ReadMemory at 0x292351a4930 of 126 bytes failed: 仅完成部分的 ReadProcessMemory 或 WriteProcessMemory 请求。 (0x12B)
[0616/162930.432:ERROR:process_memory_win.cc(73)] ReadMemory at 0x292351a4d10 of 132 bytes failed: 仅完成部分的 ReadProcessMemory 或 WriteProcessMemory 请求。 (0x12B)
[0616/162930.436:ERROR:process_memory_win.cc(73)] ReadMemory at 0x292351a4ea0 of 64 bytes failed: 仅完成部分的 ReadProcessMemory 或 WriteProcessMemory 请求。 (0x12B)
[0616/162930.436:ERROR:process_memory_win.cc(73)] ReadMemory at 0x292351a5000 of 132 bytes failed: 仅完成部分的 ReadProcessMemory 或 WriteProcessMemory 请求。 (0x12B)
[0616/162930.436:ERROR:process_memory_win.cc(73)] ReadMemory at 0x292351a5190 of 62 bytes failed: 仅完成部分的 ReadProcessMemory 或 WriteProcessMemory 请求。 (0x12B)
[0616/162930.436:ERROR:process_memory_win.cc(73)] ReadMemory at 0x292351a5300 of 132 bytes failed: 仅完成部分的 ReadProcessMemory 或 WriteProcessMemory 请求。 (0x12B)
[0616/162930.436:ERROR:process_memory_win.cc(73)] ReadMemory at 0x292351a5490 of 68 bytes failed: 仅完成部分的 ReadProcessMemory 或 WriteProcessMemory 请求。 (0x12B)
[0616/162930.436:ERROR:process_memory_win.cc(73)] ReadMemory at 0x292351a96d0 of 132 bytes failed: 仅完成部分的 ReadProcessMemory 或 WriteProcessMemory 请求。 (0x12B)
[0616/162930.436:ERROR:process_memory_win.cc(73)] ReadMemory at 0x292351a9910 of 132 bytes failed: 仅完成部分的 ReadProcessMemory 或 WriteProcessMemory 请求。 (0x12B)
[0616/162930.436:ERROR:process_memory_win.cc(73)] ReadMemory at 0x292351a9aa0 of 62 bytes failed: 仅完成部分的 ReadProcessMemory 或 WriteProcessMemory 请求。 (0x12B)
[0616/162930.436:ERROR:process_memory_win.cc(73)] ReadMemory at 0x292351ab280 of 132 bytes failed: 仅完成部分的 ReadProcessMemory 或 WriteProcessMemory 请求。 (0x12B)
[0616/162930.436:ERROR:process_memory_win.cc(73)] ReadMemory at 0x292351ab410 of 64 bytes failed: 仅完成部分的 ReadProcessMemory 或 WriteProcessMemory 请求。 (0x12B)
[0616/162930.436:ERROR:process_memory_win.cc(73)] ReadMemory at 0x292351ab670 of 132 bytes failed: 仅完成部分的 ReadProcessMemory 或 WriteProcessMemory 请求。 (0x12B)
[0616/162930.436:ERROR:process_memory_win.cc(73)] ReadMemory at 0x292351ab800 of 64 bytes failed: 仅完成部分的 ReadProcessMemory 或 WriteProcessMemory 请求。 (0x12B)
[0616/162930.436:ERROR:process_memory_win.cc(73)] ReadMemory at 0x292351adf70 of 132 bytes failed: 仅完成部分的 ReadProcessMemory 或 WriteProcessMemory 请求。 (0x12B)
[0616/162930.436:ERROR:process_memory_win.cc(73)] ReadMemory at 0x292351ae300 of 132 bytes failed: 仅完成部分的 ReadProcessMemory 或 WriteProcessMemory 请求。 (0x12B)
[0616/162930.436:ERROR:process_memory_win.cc(73)] ReadMemory at 0x292351ae490 of 60 bytes failed: 仅完成部分的 ReadProcessMemory 或 WriteProcessMemory 请求。 (0x12B)
[0616/162930.436:ERROR:process_memory_win.cc(73)] ReadMemory at 0x292351ae680 of 132 bytes failed: 仅完成部分的 ReadProcessMemory 或 WriteProcessMemory 请求。 (0x12B)
[0616/162930.436:ERROR:process_memory_win.cc(73)] ReadMemory at 0x292351ae810 of 60 bytes failed: 仅完成部分的 ReadProcessMemory 或 WriteProcessMemory 请求。 (0x12B)
[0616/162930.436:ERROR:process_memory_win.cc(73)] ReadMemory at 0x292351aea50 of 132 bytes failed: 仅完成部分的 ReadProcessMemory 或 WriteProcessMemory 请求。 (0x12B)
[0616/162930.436:ERROR:process_memory_win.cc(73)] ReadMemory at 0x292351aebe0 of 62 bytes failed: 仅完成部分的 ReadProcessMemory 或 WriteProcessMemory 请求。 (0x12B)
[0616/162930.436:ERROR:process_memory_win.cc(73)] ReadMemory at 0x292351aef60 of 132 bytes failed: 仅完成部分的 ReadProcessMemory 或 WriteProcessMemory 请求。 (0x12B)
[0616/162930.436:ERROR:process_memory_win.cc(73)] ReadMemory at 0x292351af0f0 of 80 bytes failed: 仅完成部分的 ReadProcessMemory 或 WriteProcessMemory 请求。 (0x12B)
[0616/162930.436:ERROR:process_memory_win.cc(73)] ReadMemory at 0x292351af310 of 132 bytes failed: 仅完成部分的 ReadProcessMemory 或 WriteProcessMemory 请求。 (0x12B)
[0616/162930.436:ERROR:process_memory_win.cc(73)] ReadMemory at 0x292351af490 of 76 bytes failed: 仅完成部分的 ReadProcessMemory 或 WriteProcessMemory 请求。 (0x12B)
[0616/162930.436:ERROR:process_memory_win.cc(73)] ReadMemory at 0x292351af5b0 of 78 bytes failed: 仅完成部分的 ReadProcessMemory 或 WriteProcessMemory 请求。 (0x12B)
[0616/162930.436:ERROR:process_memory_win.cc(73)] ReadMemory at 0x292351b0860 of 132 bytes failed: 仅完成部分的 ReadProcessMemory 或 WriteProcessMemory 请求。 (0x12B)
[0616/162930.436:ERROR:process_memory_win.cc(73)] ReadMemory at 0x292351b09e0 of 64 bytes failed: 仅完成部分的 ReadProcessMemory 或 WriteProcessMemory 请求。 (0x12B)
[0616/162930.436:ERROR:process_memory_win.cc(73)] ReadMemory at 0x292351b0a30 of 58 bytes failed: 仅完成部分的 ReadProcessMemory 或 WriteProcessMemory 请求。 (0x12B)
[0616/162930.436:ERROR:process_memory_win.cc(73)] ReadMemory at 0x292351b0a80 of 62 bytes failed: 仅完成部分的 ReadProcessMemory 或 WriteProcessMemory 请求。 (0x12B)
[0616/162930.436:ERROR:process_memory_win.cc(73)] ReadMemory at 0x292351b0ad0 of 60 bytes failed: 仅完成部分的 ReadProcessMemory 或 WriteProcessMemory 请求。 (0x12B)
[0616/162930.436:ERROR:process_memory_win.cc(73)] ReadMemory at 0x292351b0b20 of 62 bytes failed: 仅完成部分的 ReadProcessMemory 或 WriteProcessMemory 请求。 (0x12B)
[0616/162930.436:ERROR:process_memory_win.cc(73)] ReadMemory at 0x292351b0b70 of 66 bytes failed: 仅完成部分的 ReadProcessMemory 或 WriteProcessMemory 请求。 (0x12B)
[0616/162930.436:ERROR:process_memory_win.cc(73)] ReadMemory at 0x292351b0d00 of 62 bytes failed: 仅完成部分的 ReadProcessMemory 或 WriteProcessMemory 请求。 (0x12B)
[0616/162930.436:ERROR:process_memory_win.cc(73)] ReadMemory at 0x292351b0d50 of 64 bytes failed: 仅完成部分的 ReadProcessMemory 或 WriteProcessMemory 请求。 (0x12B)
[0616/162930.436:ERROR:process_memory_win.cc(73)] ReadMemory at 0x292351b0e40 of 60 bytes failed: 仅完成部分的 ReadProcessMemory 或 WriteProcessMemory 请求。 (0x12B)
[0616/162930.436:ERROR:process_memory_win.cc(73)] ReadMemory at 0x292351b1020 of 62 bytes failed: 仅完成部分的 ReadProcessMemory 或 WriteProcessMemory 请求。 (0x12B)
[0616/162930.436:ERROR:process_memory_win.cc(73)] ReadMemory at 0x292351b1070 of 58 bytes failed: 仅完成部分的 ReadProcessMemory 或 WriteProcessMemory 请求。 (0x12B)
[0616/162930.436:ERROR:process_memory_win.cc(73)] ReadMemory at 0x292351b10c0 of 66 bytes failed: 仅完成部分的 ReadProcessMemory 或 WriteProcessMemory 请求。 (0x12B)
[0616/162930.436:ERROR:process_memory_win.cc(73)] ReadMemory at 0x292351b1110 of 528 bytes failed: 仅完成部分的 ReadProcessMemory 或 WriteProcessMemory 请求。 (0x12B)
[0616/162930.436:ERROR:process_memory_win.cc(73)] ReadMemory at 0x292351b1390 of 132 bytes failed: 仅完成部分的 ReadProcessMemory 或 WriteProcessMemory 请求。 (0x12B)
[0616/162930.436:ERROR:process_memory_win.cc(73)] ReadMemory at 0x292351b2620 of 132 bytes failed: 仅完成部分的 ReadProcessMemory 或 WriteProcessMemory 请求。 (0x12B)
[0616/162930.436:ERROR:process_memory_win.cc(73)] ReadMemory at 0x292351b2750 of 132 bytes failed: 仅完成部分的 ReadProcessMemory 或 WriteProcessMemory 请求。 (0x12B)
[0616/162930.440:ERROR:process_memory_win.cc(73)] ReadMemory at 0x292351b2880 of 132 bytes failed: 仅完成部分的 ReadProcessMemory 或 WriteProcessMemory 请求。 (0x12B)
[0616/162930.440:ERROR:process_memory_win.cc(73)] ReadMemory at 0x292351b29b0 of 132 bytes failed: 仅完成部分的 ReadProcessMemory 或 WriteProcessMemory 请求。 (0x12B)
[0616/162930.440:ERROR:process_memory_win.cc(73)] ReadMemory at 0x292351b2ae0 of 132 bytes failed: 仅完成部分的 ReadProcessMemory 或 WriteProcessMemory 请求。 (0x12B)
[0616/162930.440:ERROR:process_memory_win.cc(73)] ReadMemory at 0x292351b2c10 of 132 bytes failed: 仅完成部分的 ReadProcessMemory 或 WriteProcessMemory 请求。 (0x12B)
[0616/162930.440:ERROR:process_memory_win.cc(73)] ReadMemory at 0x292351b2d40 of 132 bytes failed: 仅完成部分的 ReadProcessMemory 或 WriteProcessMemory 请求。 (0x12B)
[0616/162930.440:ERROR:process_memory_win.cc(73)] ReadMemory at 0x292351b2e70 of 132 bytes failed: 仅完成部分的 ReadProcessMemory 或 WriteProcessMemory 请求。 (0x12B)
[0616/162930.440:ERROR:process_memory_win.cc(73)] ReadMemory at 0x292351b2fa0 of 132 bytes failed: 仅完成部分的 ReadProcessMemory 或 WriteProcessMemory 请求。 (0x12B)
[0616/162930.440:ERROR:process_memory_win.cc(73)] ReadMemory at 0x292351b30d0 of 132 bytes failed: 仅完成部分的 ReadProcessMemory 或 WriteProcessMemory 请求。 (0x12B)
[0616/162930.440:ERROR:process_memory_win.cc(73)] ReadMemory at 0x292351b3200 of 132 bytes failed: 仅完成部分的 ReadProcessMemory 或 WriteProcessMemory 请求。 (0x12B)
[0616/162930.440:ERROR:process_memory_win.cc(73)] ReadMemory at 0x292351b3330 of 132 bytes failed: 仅完成部分的 ReadProcessMemory 或 WriteProcessMemory 请求。 (0x12B)
[0616/162930.440:ERROR:process_memory_win.cc(73)] ReadMemory at 0x292351b3460 of 132 bytes failed: 仅完成部分的 ReadProcessMemory 或 WriteProcessMemory 请求。 (0x12B)
[0616/162930.440:ERROR:process_memory_win.cc(73)] ReadMemory at 0x292351b4510 of 246 bytes failed: 仅完成部分的 ReadProcessMemory 或 WriteProcessMemory 请求。 (0x12B)
[0616/162930.440:ERROR:process_memory_win.cc(73)] ReadMemory at 0x292351b4e70 of 132 bytes failed: 仅完成部分的 ReadProcessMemory 或 WriteProcessMemory 请求。 (0x12B)
[0616/162930.440:ERROR:process_memory_win.cc(73)] ReadMemory at 0x292351b4fa0 of 132 bytes failed: 仅完成部分的 ReadProcessMemory 或 WriteProcessMemory 请求。 (0x12B)
[0616/162930.440:ERROR:process_memory_win.cc(73)] ReadMemory at 0x292351b50d0 of 132 bytes failed: 仅完成部分的 ReadProcessMemory 或 WriteProcessMemory 请求。 (0x12B)
[0616/162930.440:ERROR:process_memory_win.cc(73)] ReadMemory at 0x292351b5200 of 132 bytes failed: 仅完成部分的 ReadProcessMemory 或 WriteProcessMemory 请求。 (0x12B)
[0616/162930.440:ERROR:process_memory_win.cc(73)] ReadMemory at 0x292351b5330 of 132 bytes failed: 仅完成部分的 ReadProcessMemory 或 WriteProcessMemory 请求。 (0x12B)
[0616/162930.440:ERROR:process_memory_win.cc(73)] ReadMemory at 0x292351b5460 of 132 bytes failed: 仅完成部分的 ReadProcessMemory 或 WriteProcessMemory 请求。 (0x12B)
[0616/162930.440:ERROR:process_memory_win.cc(73)] ReadMemory at 0x292351b5590 of 132 bytes failed: 仅完成部分的 ReadProcessMemory 或 WriteProcessMemory 请求。 (0x12B)
[0616/162930.440:ERROR:process_memory_win.cc(73)] ReadMemory at 0x292351b56c0 of 132 bytes failed: 仅完成部分的 ReadProcessMemory 或 WriteProcessMemory 请求。 (0x12B)
[0616/162930.440:ERROR:process_memory_win.cc(73)] ReadMemory at 0x292351b57f0 of 132 bytes failed: 仅完成部分的 ReadProcessMemory 或 WriteProcessMemory 请求。 (0x12B)
[0616/162930.440:ERROR:process_memory_win.cc(73)] ReadMemory at 0x292351b5920 of 132 bytes failed: 仅完成部分的 ReadProcessMemory 或 WriteProcessMemory 请求。 (0x12B)
[0616/162930.440:ERROR:process_memory_win.cc(73)] ReadMemory at 0x292351b5a50 of 132 bytes failed: 仅完成部分的 ReadProcessMemory 或 WriteProcessMemory 请求。 (0x12B)
[0616/162930.440:ERROR:process_memory_win.cc(73)] ReadMemory at 0x292351b5b80 of 132 bytes failed: 仅完成部分的 ReadProcessMemory 或 WriteProcessMemory 请求。 (0x12B)
[0616/162930.440:ERROR:process_memory_win.cc(73)] ReadMemory at 0x292351b5cb0 of 132 bytes failed: 仅完成部分的 ReadProcessMemory 或 WriteProcessMemory 请求。 (0x12B)
[0616/162930.440:ERROR:process_memory_win.cc(73)] ReadMemory at 0x292351b5de0 of 132 bytes failed: 仅完成部分的 ReadProcessMemory 或 WriteProcessMemory 请求。 (0x12B)
[0616/162930.440:ERROR:process_memory_win.cc(73)] ReadMemory at 0x292351b5f10 of 132 bytes failed: 仅完成部分的 ReadProcessMemory 或 WriteProcessMemory 请求。 (0x12B)
[0616/162930.440:ERROR:process_memory_win.cc(73)] ReadMemory at 0x292351b6040 of 132 bytes failed: 仅完成部分的 ReadProcessMemory 或 WriteProcessMemory 请求。 (0x12B)
[0616/162930.440:ERROR:process_memory_win.cc(73)] ReadMemory at 0x292351b6170 of 132 bytes failed: 仅完成部分的 ReadProcessMemory 或 WriteProcessMemory 请求。 (0x12B)
[0616/162930.440:ERROR:process_memory_win.cc(73)] ReadMemory at 0x292351b62a0 of 132 bytes failed: 仅完成部分的 ReadProcessMemory 或 WriteProcessMemory 请求。 (0x12B)
[0616/162930.440:ERROR:process_memory_win.cc(73)] ReadMemory at 0x292351b63d0 of 132 bytes failed: 仅完成部分的 ReadProcessMemory 或 WriteProcessMemory 请求。 (0x12B)
[0616/162930.440:ERROR:process_memory_win.cc(73)] ReadMemory at 0x292351b6630 of 132 bytes failed: 仅完成部分的 ReadProcessMemory 或 WriteProcessMemory 请求。 (0x12B)
[0616/162930.444:ERROR:process_memory_win.cc(73)] ReadMemory at 0x292351b6760 of 132 bytes failed: 仅完成部分的 ReadProcessMemory 或 WriteProcessMemory 请求。 (0x12B)
[0616/162930.444:ERROR:process_memory_win.cc(73)] ReadMemory at 0x292351b6890 of 132 bytes failed: 仅完成部分的 ReadProcessMemory 或 WriteProcessMemory 请求。 (0x12B)
[0616/162930.444:ERROR:process_memory_win.cc(73)] ReadMemory at 0x292351b69c0 of 132 bytes failed: 仅完成部分的 ReadProcessMemory 或 WriteProcessMemory 请求。 (0x12B)
[0616/162930.444:ERROR:process_memory_win.cc(73)] ReadMemory at 0x292351b6af0 of 132 bytes failed: 仅完成部分的 ReadProcessMemory 或 WriteProcessMemory 请求。 (0x12B)
[0616/162930.444:ERROR:process_memory_win.cc(73)] ReadMemory at 0x292351b6c20 of 132 bytes failed: 仅完成部分的 ReadProcessMemory 或 WriteProcessMemory 请求。 (0x12B)
[0616/162930.444:ERROR:process_memory_win.cc(73)] ReadMemory at 0x292351b6e30 of 154 bytes failed: 仅完成部分的 ReadProcessMemory 或 WriteProcessMemory 请求。 (0x12B)
[0616/162930.444:ERROR:process_memory_win.cc(73)] ReadMemory at 0x292351b9ca0 of 158 bytes failed: 仅完成部分的 ReadProcessMemory 或 WriteProcessMemory 请求。 (0x12B)
[0616/162930.444:ERROR:process_memory_win.cc(73)] ReadMemory at 0x292351b9e60 of 66 bytes failed: 仅完成部分的 ReadProcessMemory 或 WriteProcessMemory 请求。 (0x12B)
[0616/162930.444:ERROR:process_memory_win.cc(73)] ReadMemory at 0x292351ba220 of 58 bytes failed: 仅完成部分的 ReadProcessMemory 或 WriteProcessMemory 请求。 (0x12B)
[0616/162930.444:ERROR:process_memory_win.cc(73)] ReadMemory at 0x292351ba2c0 of 62 bytes failed: 仅完成部分的 ReadProcessMemory 或 WriteProcessMemory 请求。 (0x12B)
[0616/162930.444:ERROR:process_memory_win.cc(73)] ReadMemory at 0x292351ba4f0 of 66 bytes failed: 仅完成部分的 ReadProcessMemory 或 WriteProcessMemory 请求。 (0x12B)
[0616/162930.444:ERROR:process_memory_win.cc(73)] ReadMemory at 0x292351ba720 of 58 bytes failed: 仅完成部分的 ReadProcessMemory 或 WriteProcessMemory 请求。 (0x12B)
[0616/162930.444:ERROR:process_memory_win.cc(73)] ReadMemory at 0x292351cb270 of 54 bytes failed: 仅完成部分的 ReadProcessMemory 或 WriteProcessMemory 请求。 (0x12B)
[0616/162930.444:ERROR:process_memory_win.cc(73)] ReadMemory at 0x292351cb760 of 64 bytes failed: 仅完成部分的 ReadProcessMemory 或 WriteProcessMemory 请求。 (0x12B)
[0616/162930.444:ERROR:process_memory_win.cc(73)] ReadMemory at 0x292351cb7b0 of 60 bytes failed: 仅完成部分的 ReadProcessMemory 或 WriteProcessMemory 请求。 (0x12B)
[0616/162930.444:ERROR:process_memory_win.cc(73)] ReadMemory at 0x292351cb8f0 of 64 bytes failed: 仅完成部分的 ReadProcessMemory 或 WriteProcessMemory 请求。 (0x12B)
[0616/162930.444:ERROR:process_memory_win.cc(73)] ReadMemory at 0x292351cb940 of 64 bytes failed: 仅完成部分的 ReadProcessMemory 或 WriteProcessMemory 请求。 (0x12B)
[0616/162930.444:ERROR:process_memory_win.cc(73)] ReadMemory at 0x292351cb990 of 58 bytes failed: 仅完成部分的 ReadProcessMemory 或 WriteProcessMemory 请求。 (0x12B)
[0616/162930.444:ERROR:process_memory_win.cc(73)] ReadMemory at 0x292351cba30 of 60 bytes failed: 仅完成部分的 ReadProcessMemory 或 WriteProcessMemory 请求。 (0x12B)
[0616/162930.444:ERROR:process_memory_win.cc(73)] ReadMemory at 0x292351cbb70 of 64 bytes failed: 仅完成部分的 ReadProcessMemory 或 WriteProcessMemory 请求。 (0x12B)
[0616/162930.444:ERROR:process_memory_win.cc(73)] ReadMemory at 0x292351cbbc0 of 62 bytes failed: 仅完成部分的 ReadProcessMemory 或 WriteProcessMemory 请求。 (0x12B)
[0616/162930.448:ERROR:process_memory_win.cc(73)] ReadMemory at 0x292351cbc60 of 62 bytes failed: 仅完成部分的 ReadProcessMemory 或 WriteProcessMemory 请求。 (0x12B)
[0616/162930.448:ERROR:process_memory_win.cc(73)] ReadMemory at 0x292351cbe40 of 62 bytes failed: 仅完成部分的 ReadProcessMemory 或 WriteProcessMemory 请求。 (0x12B)
[0616/162930.448:ERROR:process_memory_win.cc(73)] ReadMemory at 0x292351cc020 of 60 bytes failed: 仅完成部分的 ReadProcessMemory 或 WriteProcessMemory 请求。 (0x12B)
[0616/162930.448:ERROR:process_memory_win.cc(73)] ReadMemory at 0x292351cc070 of 62 bytes failed: 仅完成部分的 ReadProcessMemory 或 WriteProcessMemory 请求。 (0x12B)
[0616/162930.448:ERROR:process_memory_win.cc(73)] ReadMemory at 0x292351cc160 of 62 bytes failed: 仅完成部分的 ReadProcessMemory 或 WriteProcessMemory 请求。 (0x12B)
[0616/162930.448:ERROR:process_memory_win.cc(73)] ReadMemory at 0x292351cc1b0 of 60 bytes failed: 仅完成部分的 ReadProcessMemory 或 WriteProcessMemory 请求。 (0x12B)
[0616/162930.448:ERROR:process_memory_win.cc(73)] ReadMemory at 0x292351cc200 of 56 bytes failed: 仅完成部分的 ReadProcessMemory 或 WriteProcessMemory 请求。 (0x12B)
[0616/162930.448:ERROR:process_memory_win.cc(73)] ReadMemory at 0x292351cc250 of 64 bytes failed: 仅完成部分的 ReadProcessMemory 或 WriteProcessMemory 请求。 (0x12B)
[0616/162930.448:ERROR:process_memory_win.cc(73)] ReadMemory at 0x292351cc2a0 of 60 bytes failed: 仅完成部分的 ReadProcessMemory 或 WriteProcessMemory 请求。 (0x12B)
[0616/162930.448:ERROR:process_memory_win.cc(73)] ReadMemory at 0x292351cc2f0 of 64 bytes failed: 仅完成部分的 ReadProcessMemory 或 WriteProcessMemory 请求。 (0x12B)
[0616/162930.448:ERROR:process_memory_win.cc(73)] ReadMemory at 0x292351cc390 of 60 bytes failed: 仅完成部分的 ReadProcessMemory 或 WriteProcessMemory 请求。 (0x12B)
[0616/162930.448:ERROR:process_memory_win.cc(73)] ReadMemory at 0x292351cc3e0 of 60 bytes failed: 仅完成部分的 ReadProcessMemory 或 WriteProcessMemory 请求。 (0x12B)
[0616/162930.448:ERROR:process_memory_win.cc(73)] ReadMemory at 0x292351cc430 of 58 bytes failed: 仅完成部分的 ReadProcessMemory 或 WriteProcessMemory 请求。 (0x12B)
[0616/162930.448:ERROR:process_memory_win.cc(73)] ReadMemory at 0x292351cc480 of 64 bytes failed: 仅完成部分的 ReadProcessMemory 或 WriteProcessMemory 请求。 (0x12B)
[0616/162930.448:ERROR:process_memory_win.cc(73)] ReadMemory at 0x292351cc4d0 of 64 bytes failed: 仅完成部分的 ReadProcessMemory 或 WriteProcessMemory 请求。 (0x12B)
[0616/162930.448:ERROR:process_memory_win.cc(73)] ReadMemory at 0x292351cc5c0 of 62 bytes failed: 仅完成部分的 ReadProcessMemory 或 WriteProcessMemory 请求。 (0x12B)
[0616/162930.448:ERROR:process_memory_win.cc(73)] ReadMemory at 0x292351cdaf0 of 132 bytes failed: 仅完成部分的 ReadProcessMemory 或 WriteProcessMemory 请求。 (0x12B)
[0616/162930.448:ERROR:process_memory_win.cc(73)] ReadMemory at 0x292351cdc20 of 132 bytes failed: 仅完成部分的 ReadProcessMemory 或 WriteProcessMemory 请求。 (0x12B)
[0616/162930.448:ERROR:process_memory_win.cc(73)] ReadMemory at 0x292351ce0e0 of 132 bytes failed: 仅完成部分的 ReadProcessMemory 或 WriteProcessMemory 请求。 (0x12B)
[0616/162930.448:ERROR:process_memory_win.cc(73)] ReadMemory at 0x292351ce340 of 132 bytes failed: 仅完成部分的 ReadProcessMemory 或 WriteProcessMemory 请求。 (0x12B)
[0616/162930.448:ERROR:process_memory_win.cc(73)] ReadMemory at 0x292351ce470 of 132 bytes failed: 仅完成部分的 ReadProcessMemory 或 WriteProcessMemory 请求。 (0x12B)
[0616/162930.452:ERROR:process_memory_win.cc(73)] ReadMemory at 0x292351ce6d0 of 132 bytes failed: 仅完成部分的 ReadProcessMemory 或 WriteProcessMemory 请求。 (0x12B)
[0616/162930.452:ERROR:process_memory_win.cc(73)] ReadMemory at 0x292351ce930 of 132 bytes failed: 仅完成部分的 ReadProcessMemory 或 WriteProcessMemory 请求。 (0x12B)
[0616/162930.452:ERROR:process_memory_win.cc(73)] ReadMemory at 0x292351cfe50 of 80 bytes failed: 仅完成部分的 ReadProcessMemory 或 WriteProcessMemory 请求。 (0x12B)
[0616/162930.452:ERROR:process_memory_win.cc(73)] ReadMemory at 0x292351dff70 of 512 bytes failed: 仅完成部分的 ReadProcessMemory 或 WriteProcessMemory 请求。 (0x12B)
[0616/162930.452:ERROR:process_memory_win.cc(73)] ReadMemory at 0x29235ad6ae0 of 512 bytes failed: 仅完成部分的 ReadProcessMemory 或 WriteProcessMemory 请求。 (0x12B)
[0616/162930.452:ERROR:process_memory_win.cc(73)] ReadMemory at 0x29235ae8e30 of 512 bytes failed: 仅完成部分的 ReadProcessMemory 或 WriteProcessMemory 请求。 (0x12B)
[0616/162930.452:ERROR:process_memory_win.cc(73)] ReadMemory at 0x29235b02480 of 512 bytes failed: 仅完成部分的 ReadProcessMemory 或 WriteProcessMemory 请求。 (0x12B)
[0616/162930.452:ERROR:process_memory_win.cc(73)] ReadMemory at 0x29235b030f0 of 696 bytes failed: 仅完成部分的 ReadProcessMemory 或 WriteProcessMemory 请求。 (0x12B)
[0616/162930.452:ERROR:process_memory_win.cc(73)] ReadMemory at 0x29235b9dfb0 of 512 bytes failed: 仅完成部分的 ReadProcessMemory 或 WriteProcessMemory 请求。 (0x12B)
[0616/162930.452:ERROR:process_memory_win.cc(73)] ReadMemory at 0x29237960000 of 384 bytes failed: 仅完成部分的 ReadProcessMemory 或 WriteProcessMemory 请求。 (0x12B)
[0616/162930.452:ERROR:process_memory_win.cc(73)] ReadMemory at 0x2923797e0f0 of 512 bytes failed: 仅完成部分的 ReadProcessMemory 或 WriteProcessMemory 请求。 (0x12B)
[0616/162930.452:ERROR:process_memory_win.cc(73)] ReadMemory at 0x29237987740 of 512 bytes failed: 仅完成部分的 ReadProcessMemory 或 WriteProcessMemory 请求。 (0x12B)
[0616/162930.452:ERROR:process_memory_win.cc(73)] ReadMemory at 0x29237987ce0 of 896 bytes failed: 仅完成部分的 ReadProcessMemory 或 WriteProcessMemory 请求。 (0x12B)
[0616/162930.452:ERROR:process_memory_win.cc(73)] ReadMemory at 0x292379b6e50 of 512 bytes failed: 仅完成部分的 ReadProcessMemory 或 WriteProcessMemory 请求。 (0x12B)
[0616/162930.452:ERROR:process_memory_win.cc(73)] ReadMemory at 0x29237b24680 of 544 bytes failed: 仅完成部分的 ReadProcessMemory 或 WriteProcessMemory 请求。 (0x12B)
[0616/162930.452:ERROR:process_memory_win.cc(73)] ReadMemory at 0x29237b35081 of 512 bytes failed: 仅完成部分的 ReadProcessMemory 或 WriteProcessMemory 请求。 (0x12B)
[0616/162930.452:ERROR:process_memory_win.cc(73)] ReadMemory at 0x29237e87ad0 of 512 bytes failed: 仅完成部分的 ReadProcessMemory 或 WriteProcessMemory 请求。 (0x12B)
[0616/162930.452:ERROR:process_memory_win.cc(73)] ReadMemory at 0x29237e87f90 of 512 bytes failed: 仅完成部分的 ReadProcessMemory 或 WriteProcessMemory 请求。 (0x12B)
[0616/162930.452:ERROR:process_memory_win.cc(73)] ReadMemory at 0x2ef422a10000 of 404 bytes failed: 仅完成部分的 ReadProcessMemory 或 WriteProcessMemory 请求。 (0x12B)
[0616/162930.452:ERROR:process_memory_win.cc(73)] ReadMemory at 0x7ffd2c30b5ad of 512 bytes failed: 仅完成部分的 ReadProcessMemory 或 WriteProcessMemory 请求。 (0x12B)
[0616/162930.452:ERROR:process_memory_win.cc(73)] ReadMemory at 0x7ffd2c74157c of 660 bytes failed: 仅完成部分的 ReadProcessMemory 或 WriteProcessMemory 请求。 (0x12B)
[0616/162930.452:ERROR:process_memory_win.cc(73)] ReadMemory at 0x7ffd2c9064c7 of 512 bytes failed: 仅完成部分的 ReadProcessMemory 或 WriteProcessMemory 请求。 (0x12B)
[0616/162930.452:ERROR:process_memory_win.cc(73)] ReadMemory at 0x7ffd2e36409c of 512 bytes failed: 仅完成部分的 ReadProcessMemory 或 WriteProcessMemory 请求。 (0x12B)
[0616/162930.452:ERROR:process_memory_win.cc(73)] ReadMemory at 0x7ffd31ac162c of 512 bytes failed: 仅完成部分的 ReadProcessMemory 或 WriteProcessMemory 请求。 (0x12B)
[0616/162930.452:ERROR:process_memory_win.cc(73)] ReadMemory at 0x7ffda8d71e5b of 512 bytes failed: 仅完成部分的 ReadProcessMemory 或 WriteProcessMemory 请求。 (0x12B)
[0616/162930.452:ERROR:process_memory_win.cc(73)] ReadMemory at 0x7ffda8d8a7b9 of 512 bytes failed: 仅完成部分的 ReadProcessMemory 或 WriteProcessMemory 请求。 (0x12B)
[0616/162930.452:ERROR:process_memory_win.cc(73)] ReadMemory at 0x7ffda9981f80 of 512 bytes failed: 仅完成部分的 ReadProcessMemory 或 WriteProcessMemory 请求。 (0x12B)
[0616/162930.452:ERROR:process_memory_win.cc(73)] ReadMemory at 0x7ffdab7dc064 of 672 bytes failed: 仅完成部分的 ReadProcessMemory 或 WriteProcessMemory 请求。 (0x12B)
[0616/162930.452:ERROR:process_memory_win.cc(73)] ReadMemory at 0x7ffdab7dc664 of 512 bytes failed: 仅完成部分的 ReadProcessMemory 或 WriteProcessMemory 请求。 (0x12B)
[0616/162930.452:ERROR:process_memory_win.cc(73)] ReadMemory at 0x7ffdab7df914 of 608 bytes failed: 仅完成部分的 ReadProcessMemory 或 WriteProcessMemory 请求。 (0x12B)
[0616/162930.452:ERROR:process_memory_win.cc(73)] ReadMemory at 0x7ffdab86c418 of 18 bytes failed: 仅完成部分的 ReadProcessMemory 或 WriteProcessMemory 请求。 (0x12B)
[0616/162930.452:ERROR:process_memory_win.cc(73)] ReadMemory at 0x7ffdab89f4f8 of 40 bytes failed: 仅完成部分的 ReadProcessMemory 或 WriteProcessMemory 请求。 (0x12B)
[0616/162930.452:ERROR:process_memory_win.cc(73)] ReadMemory at 0x7ffdab89f978 of 48 bytes failed: 仅完成部分的 ReadProcessMemory 或 WriteProcessMemory 请求。 (0x12B)
[0616/162930.452:ERROR:process_memory_win.cc(73)] ReadMemory at 0x7ffdab8a53c0 of 64 bytes failed: 仅完成部分的 ReadProcessMemory 或 WriteProcessMemory 请求。 (0x12B)
[0616/162930.456:ERROR:scoped_process_suspend.cc(40)] NtResumeProcess: 已尝试访问正在退出的过程。 (0xc000010a)
